<?xml version="1.0" encoding="UTF-8"?>
<!-- Generated by org.testng.reporters.JUnitReportReporter -->
<testsuite hostname="MJ9FF9G422" failures="0" tests="1" name="testcases.TestSkip" time="0.007" errors="0" timestamp="2023-10-17T15:49:27 SAST" skipped="1">
  <testcase classname="testcases.TestSkip" name="isSkip" time="0.007">
    <skipped/>
  </testcase> <!-- isSkip -->
</testsuite> <!-- testcases.TestSkip -->
