<?xml version="1.0" encoding="UTF-8"?>
<!-- Generated by org.testng.reporters.JUnitReportReporter -->
<testsuite hostname="MJ9FF9G422" failures="0" tests="1" name="Guru99Examples.AppTest" time="15.592" errors="0" timestamp="2023-10-08T08:10:04 SAST" skipped="0">
  <testcase classname="Guru99Examples.AppTest" name="guru99tutorials" time="15.592"/>
</testsuite> <!-- Guru99Examples.AppTest -->
